INFO: Adding command minetweaker
INFO: Adding minetweaker command mfr
INFO: Removing 1 recipes
INFO: Adding recipe for Blood Rune
INFO: Adding recipe for Livingrock
INFO: Adding Blood Altar Recipe for :Livingrock
INFO: Adding recipe for Livingwood
INFO: Adding Blood Altar Recipe for :Livingwood
INFO: Removing Botania Petal recipe Recipe for :Endoflame
INFO: Adding Blood Altar Recipe for :Endoflame
INFO: Removing Botania Petal recipe Recipe for :Jaded Amaranthus
INFO: Adding Blood Altar Recipe for :Jaded Amaranthus
INFO: Removing 16 recipes
INFO: Adding Blood Altar Recipe for :Mana Spreader
INFO: Removing 1 recipes
INFO: Adding recipe for Globetrotter's Sash
INFO: Removing 1 recipes
INFO: Adding recipe for Soujourner's Sash
INFO: Removing 1 recipes
INFO: Adding Botania Mana Infusion Recipe for :Empty Socket
INFO: Removing 1 recipes
INFO: Adding recipe for Lava Sigil
INFO: BM-BTN Script Loaded
INFO: Removing 1 recipes
INFO: Adding recipe for Bucket
INFO: Removing ExNihilo Sieve Recipe for :Coal
INFO: Removing ExNihilo Sieve Recipe for :Lapis Lazuli
INFO: Removing ExNihilo Sieve Recipe for :Diamond
INFO: Removing ExNihilo Sieve Recipe for :Emerald
INFO: Removing ExNihilo Sieve Recipe for :Redstone
INFO: Removing ExNihilo Sieve Recipe for :Glowstone Dust
INFO: Removing ExNihilo Sieve Recipe for :Blaze Powder
INFO: Removing ExNihilo Sieve Recipe for :Gunpowder
INFO: Removing ExNihilo Sieve Recipe for :Broken Iron Ore
INFO: Removing ExNihilo Sieve Recipe for :Broken Aluminum Ore
INFO: Removing ExNihilo Sieve Recipe for :Broken Copper Ore
INFO: Removing ExNihilo Sieve Recipe for :Broken Gold Ore
INFO: Removing ExNihilo Sieve Recipe for :Broken Tin Ore
INFO: Removing ExNihilo Sieve Recipe for :Broken Silver Ore
INFO: Removing ExNihilo Sieve Recipe for :Broken Platinum Ore
INFO: Removing ExNihilo Sieve Recipe for :Crushed Iron Ore
INFO: Removing ExNihilo Sieve Recipe for :Crushed Aluminum Ore
INFO: Removing ExNihilo Sieve Recipe for :Crushed Copper Ore
INFO: Removing ExNihilo Sieve Recipe for :Crushed Gold Ore
INFO: Removing ExNihilo Sieve Recipe for :Crushed Tin Ore
INFO: Removing ExNihilo Sieve Recipe for :Crushed Silver Ore
INFO: Removing ExNihilo Sieve Recipe for :Crushed Platinum Ore
INFO: Removing ExNihilo Sieve Recipe for :Powdered Iron Ore
INFO: Removing ExNihilo Sieve Recipe for :Powdered Aluminum Ore
INFO: Removing ExNihilo Sieve Recipe for :Powdered Copper Ore
INFO: Removing ExNihilo Sieve Recipe for :Powdered Gold Ore
INFO: Removing ExNihilo Sieve Recipe for :Powdered Tin Ore
INFO: Removing ExNihilo Sieve Recipe for :Powdered Silver Ore
INFO: Removing ExNihilo Sieve Recipe for :Powdered Platinum Ore
INFO: Removing ExNihilo Sieve Recipe for :Broken Silver Ore
INFO: Removing ExNihilo Sieve Recipe for :Broken Tin Ore
INFO: Removing ExNihilo Sieve Recipe for :Broken Platinum Ore
INFO: Removing ExNihilo Sieve Recipe for :Broken Iron Ore
INFO: Removing ExNihilo Sieve Recipe for :Broken Gold Ore
INFO: Removing ExNihilo Sieve Recipe for :Broken Copper Ore
INFO: Adding ExNihilo Sieve Recipe for :Dirt
INFO: Removing ExNihilo Sieve Recipe for :Bone Meal
INFO: Adding ExNihilo Sieve Recipe for :Dirt
INFO: Removing ExNihilo Sieve Recipe for :Flint
INFO: Adding ExNihilo Sieve Recipe for :Gravel
INFO: Removing 8 recipes
INFO: Adding recipe for Oak Wood Planks
INFO: Adding recipe for Spruce Wood Planks
INFO: Adding recipe for Birch Wood Planks
INFO: Adding recipe for Jungle Wood Planks
INFO: Adding recipe for Acacia Wood Planks
INFO: Adding recipe for Dark Oak Wood Planks
INFO: Removing 5 recipes
INFO: Adding recipe for Torch
INFO: Adding recipe for Torch
INFO: Removing 27 furnace recipes
INFO: Removing 1 recipes
INFO: Removing 2 recipes
INFO: Removing 1 recipes
INFO: Adding recipe for Button
INFO: Adding recipe for Button
INFO: Adding recipe for Iron Door
INFO: Adding recipe for Stick
INFO: Removing 1 recipes
INFO: Adding recipe for Lever
INFO: Removing 1 recipes
INFO: Removing 1 recipes
INFO: Removing 1 recipes
INFO: Removing 1 recipes
INFO: Removing 1 recipes
INFO: Removing 1 recipes
INFO: Removing 1 recipes
INFO: Removing 1 recipes
INFO: Removing 1 recipes
INFO: Removing 0 recipes
INFO: Adding recipe for Iron Sword
INFO: Adding recipe for Wooden Sword
INFO: Adding recipe for Stone Sword
INFO: Adding recipe for Stone Shovel
INFO: Adding recipe for Stone Pickaxe
INFO: Adding recipe for Stone Axe
INFO: Adding recipe for Stone Hoe
INFO: Removing 1 recipes
INFO: Removing 1 recipes
INFO: Removing 1 recipes
INFO: Removing 1 recipes
INFO: Adding recipe for Blank Pattern
INFO: Removing 1 recipes
INFO: Adding recipe for Bucket
INFO: Removing 1 furnace recipes
WARNING: No furnace recipes for <minecraft:coal:1>
INFO: Removing 1 furnace recipes
INFO: Removing 1 furnace recipes
INFO: Removing 1 furnace recipes
INFO: Removing 1 furnace recipes
INFO: Removing 1 furnace recipes
INFO: Removing 12 furnace recipes
INFO: Removing 12 furnace recipes
INFO: Removing 15 furnace recipes
INFO: Removing 14 furnace recipes
INFO: Removing 1 furnace recipes
INFO: Removing 1 furnace recipes
INFO: Removing 2 furnace recipes
INFO: Removing 2 furnace recipes
INFO: Removing 1 furnace recipes
INFO: Removing 1 furnace recipes
INFO: Removing 2 furnace recipes
INFO: Removing 2 furnace recipes
INFO: Removing 1 furnace recipes
INFO: Removing 2 furnace recipes
INFO: Removing 2 furnace recipes
INFO: Removing 2 furnace recipes
INFO: Removing 1 furnace recipes
INFO: Removing 2 furnace recipes
INFO: Removing 2 furnace recipes
INFO: Removing 2 furnace recipes
INFO: Removing 3 furnace recipes
INFO: Removing 2 furnace recipes
INFO: Removing 1 furnace recipes
INFO: Removing 1 furnace recipes
INFO: Removing 2 furnace recipes
INFO: Removing 1 furnace recipes
INFO: Removing 2 furnace recipes
INFO: Removing 2 furnace recipes
INFO: Removing 1 furnace recipes
INFO: Removing 2 furnace recipes
INFO: Removing 2 furnace recipes
INFO: Removing 2 furnace recipes
INFO: Removing 2 furnace recipes
INFO: Removing 2 furnace recipes
INFO: Removing 2 furnace recipes
INFO: Removing 2 furnace recipes
INFO: Removing 2 furnace recipes
INFO: Removing 2 furnace recipes
INFO: Removing 2 furnace recipes
INFO: Removing 1 furnace recipes
INFO: Removing 1 furnace recipes
INFO: Removing 1 furnace recipes
INFO: Removing 4 furnace recipes
INFO: Removing 12 furnace recipes
INFO: Removing 10 furnace recipes
INFO: Removing 1 furnace recipes
INFO: Removing 2 furnace recipes
INFO: Removing 2 furnace recipes
INFO: Removing 2 furnace recipes
INFO: Removing 7 furnace recipes
INFO: Removing 1 furnace recipes
INFO: Removing 1 furnace recipes
INFO: Removing 10 furnace recipes
INFO: Adding Seed Recipe for :Stick
INFO: Adding minetweaker command loot
INFO: Adding minetweaker command seeds
INFO: Adding minetweaker command tooltips
INFO: Adding minetweaker command research
INFO: Adding minetweaker command materials
